<?xml version="1.0" encoding="UTF-8"?>
<coverage generated="1649069150498" clover="3.2.0">
  <project timestamp="1649069150498" name="All files">
    <metrics statements="14" coveredstatements="11" conditionals="6" coveredconditionals="4" methods="4" coveredmethods="4" elements="24" coveredelements="19" complexity="0" loc="14" ncloc="14" packages="1" files="1" classes="1"/>
    <file name="requestMultipleUrls.js" path="/home/srikaanth/ft/requestMultipleUrls.js">
      <metrics statements="14" coveredstatements="11" conditionals="6" coveredconditionals="4" methods="4" coveredmethods="4"/>
      <line num="1" count="1" type="stmt"/>
      <line num="5" count="6" type="cond" truecount="1" falsecount="1"/>
      <line num="6" count="6" type="stmt"/>
      <line num="8" count="0" type="stmt"/>
      <line num="14" count="3" type="cond" truecount="3" falsecount="1"/>
      <line num="15" count="0" type="stmt"/>
      <line num="16" count="0" type="stmt"/>
      <line num="20" count="3" type="stmt"/>
      <line num="21" count="9" type="stmt"/>
      <line num="23" count="6" type="stmt"/>
      <line num="27" count="3" type="stmt"/>
      <line num="28" count="3" type="stmt"/>
      <line num="30" count="1" type="stmt"/>
      <line num="34" count="1" type="stmt"/>
    </file>
  </project>
</coverage>
