{"/home/srikaanth/ft/requestMultipleUrls.js": {"path":"/home/srikaanth/ft/requestMultipleUrls.js","statementMap":{"0":{"start":{"line":1,"column":14},"end":{"line":1,"column":35}},"1":{"start":{"line":5,"column":4},"end":{"line":9,"column":5}},"2":{"start":{"line":6,"column":8},"end":{"line":6,"column":19}},"3":{"start":{"line":8,"column":8},"end":{"line":8,"column":59}},"4":{"start":{"line":14,"column":4},"end":{"line":17,"column":5}},"5":{"start":{"line":15,"column":8},"end":{"line":15,"column":52}},"6":{"start":{"line":16,"column":8},"end":{"line":16,"column":14}},"7":{"start":{"line":20,"column":21},"end":{"line":24,"column":5}},"8":{"start":{"line":21,"column":8},"end":{"line":23,"column":42}},"9":{"start":{"line":23,"column":26},"end":{"line":23,"column":41}},"10":{"start":{"line":27,"column":4},"end":{"line":31,"column":5}},"11":{"start":{"line":28,"column":8},"end":{"line":28,"column":43}},"12":{"start":{"line":30,"column":8},"end":{"line":30,"column":77}},"13":{"start":{"line":34,"column":0},"end":{"line":34,"column":36}}},"fnMap":{"0":{"name":"checkStatus","decl":{"start":{"line":4,"column":9},"end":{"line":4,"column":20}},"loc":{"start":{"line":4,"column":26},"end":{"line":10,"column":1}},"line":4},"1":{"name":"requestMultipleUrls","decl":{"start":{"line":12,"column":15},"end":{"line":12,"column":34}},"loc":{"start":{"line":12,"column":40},"end":{"line":32,"column":1}},"line":12},"2":{"name":"(anonymous_2)","decl":{"start":{"line":20,"column":29},"end":{"line":20,"column":30}},"loc":{"start":{"line":21,"column":8},"end":{"line":23,"column":42}},"line":21},"3":{"name":"(anonymous_3)","decl":{"start":{"line":23,"column":14},"end":{"line":23,"column":15}},"loc":{"start":{"line":23,"column":26},"end":{"line":23,"column":41}},"line":23}},"branchMap":{"0":{"loc":{"start":{"line":5,"column":4},"end":{"line":9,"column":5}},"type":"if","locations":[{"start":{"line":5,"column":4},"end":{"line":9,"column":5}},{"start":{"line":7,"column":11},"end":{"line":9,"column":5}}],"line":5},"1":{"loc":{"start":{"line":14,"column":4},"end":{"line":17,"column":5}},"type":"if","locations":[{"start":{"line":14,"column":4},"end":{"line":17,"column":5}},{"start":{},"end":{}}],"line":14},"2":{"loc":{"start":{"line":14,"column":8},"end":{"line":14,"column":36}},"type":"binary-expr","locations":[{"start":{"line":14,"column":8},"end":{"line":14,"column":28}},{"start":{"line":14,"column":32},"end":{"line":14,"column":36}}],"line":14}},"s":{"0":1,"1":6,"2":6,"3":0,"4":3,"5":0,"6":0,"7":3,"8":9,"9":6,"10":3,"11":3,"12":1,"13":1},"f":{"0":6,"1":3,"2":9,"3":6},"b":{"0":[6,0],"1":[0,3],"2":[3,3]},"_coverageSchema":"1a1c01bbd47fc00a2c39e90264f33305004495a9","hash":"6f40bff3b9674285096d8af661cb1352e82b4d19"}
}
